<?xml version="1.0" encoding="UTF-8"?>
<!-- Generated by org.testng.reporters.JUnitReportReporter -->
<testsuite skipped="0" hostname="Jasmeens-MacBook-Air.local" name="PageObjectModelPractioce.VerifyLogin" tests="1" failures="0" timestamp="29 Jul 2017 16:43:50 GMT" time="24.961" errors="0">
  <testcase name="verifylogin" time="24.961" classname="PageObjectModelPractioce.VerifyLogin"/>
</testsuite> <!-- PageObjectModelPractioce.VerifyLogin -->
