<?xml version="1.0" encoding="UTF-8"?>
<!-- Generated by org.testng.reporters.JUnitReportReporter -->
<testsuite skipped="0" hostname="Jasmeens-MacBook-Air.local" name="TestSuit.TC1ApplicationTitleVerification" tests="1" failures="0" timestamp="24 Jul 2017 09:13:48 GMT" time="11.101" errors="0">
  <testcase name="validatetittle" time="11.101" classname="TestSuit.TC1ApplicationTitleVerification"/>
</testsuite> <!-- TestSuit.TC1ApplicationTitleVerification -->
